<?xml version="1.0" encoding="UTF-8"?>
<testsuite xmlns:xsi="http://www.w3.org/2001/XMLSchema-instance" xsi:noNamespaceSchemaLocation="https://maven.apache.org/surefire/maven-surefire-plugin/xsd/surefire-test-report-3.0.xsd" version="3.0" name="QuotationServiceUnitTest" time="0.414" tests="1" errors="0" skipped="0" failures="0">
  <properties>
[...]
</properties>
  <testcase name="connectionTest" classname="QuotationServiceUnitTest" time="0.226">
    <system-out><![CDATA[|=================================================================================================================|
|                                     |                                     |                                     |
| Name: Niki Collier                  | Gender: Female                      | Age: 49                             |
| Weight/Height: 80.0kg/1.5494m       | Smoker: NO                          | Medical Problems: NO                |
|                                     |                                     |                                     |
|=================================================================================================================|
| Company: Auld Fellas Ltd.           | Reference: AF001000                 | Price: ￥751.20                      |
|=================================================================================================================|
| Company: Dodgy Geezers Corp.        | Reference: DG001000                 | Price: ￥717.40                      |
|=================================================================================================================|
| Company: Girls Allowed Inc.         | Reference: GA001000                 | Price: ￥597.80                      |
|=================================================================================================================|


|=================================================================================================================|
|                                     |                                     |                                     |
| Name: Old Geeza                     | Gender: Male                        | Age: 65                             |
| Weight/Height: 100.0kg/1.6m         | Smoker: YES                         | Medical Problems: YES               |
|                                     |                                     |                                     |
|=================================================================================================================|
| Company: Auld Fellas Ltd.           | Reference: AF001001                 | Price: ￥442.00                      |
|=================================================================================================================|
| Company: Dodgy Geezers Corp.        | Reference: DG001001                 | Price: ￥704.25                      |
|=================================================================================================================|
| Company: Girls Allowed Inc.         | Reference: GA001001                 | Price: ￥1,631.70                    |
|=================================================================================================================|


|=================================================================================================================|
|                                     |                                     |                                     |
| Name: Hannah Montana                | Gender: Female                      | Age: 21                             |
| Weight/Height: 65.0kg/1.78m         | Smoker: NO                          | Medical Problems: NO                |
|                                     |                                     |                                     |
|=================================================================================================================|
| Company: Auld Fellas Ltd.           | Reference: AF001002                 | Price: ￥1,100.40                    |
|=================================================================================================================|
| Company: Dodgy Geezers Corp.        | Reference: DG001002                 | Price: ￥918.65                      |
|=================================================================================================================|
| Company: Girls Allowed Inc.         | Reference: GA001002                 | Price: ￥344.00                      |
|=================================================================================================================|


|=================================================================================================================|
|                                     |                                     |                                     |
| Name: Rem Collier                   | Gender: Male                        | Age: 49                             |
| Weight/Height: 120.0kg/1.8m         | Smoker: NO                          | Medical Problems: YES               |
|                                     |                                     |                                     |
|=================================================================================================================|
| Company: Auld Fellas Ltd.           | Reference: AF001003                 | Price: ￥710.50                      |
|=================================================================================================================|
| Company: Dodgy Geezers Corp.        | Reference: DG001003                 | Price: ￥740.35                      |
|=================================================================================================================|
| Company: Girls Allowed Inc.         | Reference: GA001003                 | Price: ￥1,098.20                    |
|=================================================================================================================|


|=================================================================================================================|
|                                     |                                     |                                     |
| Name: Jim Quinn                     | Gender: Male                        | Age: 55                             |
| Weight/Height: 75.0kg/1.9m          | Smoker: YES                         | Medical Problems: NO                |
|                                     |                                     |                                     |
|=================================================================================================================|
| Company: Auld Fellas Ltd.           | Reference: AF001004                 | Price: ￥650.40                      |
|=================================================================================================================|
| Company: Dodgy Geezers Corp.        | Reference: DG001004                 | Price: ￥843.20                      |
|=================================================================================================================|
| Company: Girls Allowed Inc.         | Reference: GA001004                 | Price: ￥1,409.60                    |
|=================================================================================================================|


|=================================================================================================================|
|                                     |                                     |                                     |
| Name: Donald Duck                   | Gender: Male                        | Age: 35                             |
| Weight/Height: 1.6kg/0.45m          | Smoker: NO                          | Medical Problems: NO                |
|                                     |                                     |                                     |
|=================================================================================================================|
| Company: Auld Fellas Ltd.           | Reference: AF001005                 | Price: ￥537.60                      |
|=================================================================================================================|
| Company: Dodgy Geezers Corp.        | Reference: DG001005                 | Price: ￥836.00                      |
|=================================================================================================================|
| Company: Girls Allowed Inc.         | Reference: GA001005                 | Price: ￥992.20                      |
|=================================================================================================================|


]]></system-out>
  </testcase>
</testsuite>