<?xml version="1.0" encoding="UTF-8"?>
<testsuite xmlns:xsi="http://www.w3.org/2001/XMLSchema-instance" xsi:noNamespaceSchemaLocation="https://maven.apache.org/surefire/maven-surefire-plugin/xsd/surefire-test-report-3.0.xsd" version="3.0" name="QuotationServiceUnitTest" time="1.365" tests="1" errors="0" skipped="0" failures="0">
  <properties>
[...]
</properties>
  <testcase name="connectionTest" classname="QuotationServiceUnitTest" time="0.516">
    <system-out><![CDATA[| Company: Girls Allowed Inc.         | Reference: GA001000                 | Price: ￥464.80                      |
|=================================================================================================================|
]]></system-out>
    <system-err><![CDATA[二月 20, 2024 8:30:18 下午 com.sun.xml.ws.server.MonitorBase createRoot
信息: Metro monitoring rootname successfully set to: com.sun.metro:pp=/,type=WSEndpoint,name=QuotationService-QuotationServicePort
]]></system-err>
  </testcase>
</testsuite>